
======== running Feff module feff8l_genfmt ========
 Calculating EXAFS parameters...
    Curved wave chi amplitude ratio   4.00%
    Discard feff.dat for paths with cw ratio <   2.67%
    path  cw ratio     deg    nleg  reff
      1   100.000     1.000     2   2.7563
      2    97.067     1.000     2   2.7879
      3    96.846     1.000     2   2.7904
      4    95.714     1.000     2   2.8029
      5    95.386     1.000     2   2.8065
      6    93.947     1.000     2   2.8227
      7    89.952     1.000     2   2.8692
      8    88.723     1.000     2   2.8839
      9    85.502     1.000     2   2.9236
     10    82.247     1.000     2   2.9654
     11    81.304     1.000     2   2.9779
     12    80.522     1.000     2   2.9884
     13    33.139     1.000     2   4.0270
     14     4.394     2.000     3   4.1638
     15    29.800     1.000     2   4.1658
     16    29.777     1.000     2   4.1668
     17     4.825     2.000     3   4.1748
     18     4.090     2.000     3   4.1953
     19     4.293     2.000     3   4.1959
     20     3.932     2.000     3   4.2080
     21    28.734     1.000     2   4.2143
     22     3.741     2.000     3   4.2213
     23     3.683     2.000     3   4.2384
     24     3.563     2.000     3   4.2682
     25    27.581     1.000     2   4.2693
     26     3.206     2.000     3   4.2778
     27     3.807     2.000     3   4.2796
     28     3.080     2.000     3   4.2879
     29     3.868     2.000     3   4.2990
     30     3.251     2.000     3   4.3023
     31     3.513     2.000     3   4.3109
     32     3.360     2.000     3   4.3143
     33     3.884     2.000     3   4.3302
     34     4.144     2.000     3   4.3408
     35     3.790     2.000     3   4.3416
     36     2.948     2.000     3   4.3514
     37    25.757     1.000     2   4.3625
     38     3.534     2.000     3   4.3915
     39     2.952     2.000     3   4.3957
     40     3.329     2.000     3   4.4055
     41     3.311     2.000     3   4.4343
     42    18.578     1.000     2   4.8298
     43    18.256     1.000     2   4.8557
     44    17.802     1.000     2   4.8934
     45    17.697     1.000     2   4.9023
     46    17.642     1.000     2   4.9070
     47    17.403     1.000     2   4.9275
     48    17.297     1.000     2   4.9367
     49    17.156     1.000     2   4.9492
     50    16.977     1.000     2   4.9650
     51    16.739     1.000     2   4.9865
     52    16.419     1.000     2   5.0159
     53    16.188     1.000     2   5.0376
     54    16.142     1.000     2   5.0419
     55    16.047     1.000     2   5.0510
     56    16.005     1.000     2   5.0551
     57    15.723     1.000     2   5.0825
     58    15.598     1.000     2   5.0947
     59    15.491     1.000     2   5.1054
     60    15.403     1.000     2   5.1142
     61    15.092     1.000     2   5.1460
     62    14.924     1.000     2   5.1634
     63    14.736     1.000     2   5.1833
     64    14.526     1.000     2   5.2057
     65    14.511     1.000     2   5.2074
     66    12.816     1.000     2   5.4052
     67    48.901     2.000     3   5.4075
     68    49.521     1.000     4   5.4098
     69     3.227     2.000     3   5.4261
     70    12.052     1.000     2   5.5051
     71    44.745     2.000     3   5.5086
     72    44.081     1.000     4   5.5121
     73     2.427     1.000     4   5.5127 neglected
     74    10.398     2.000     3   5.5440
     75    17.647     2.000     4   5.5443
     76     2.274     1.000     4   5.5759 neglected
     77     2.262     1.000     4   5.5807 neglected
     78    11.419     1.000     2   5.5939
     79    45.647     2.000     3   5.5943
     80    48.780     1.000     4   5.5947
     81     2.205     1.000     4   5.6058 neglected
     82     2.188     1.000     4   5.6131 neglected
     83    11.168     1.000     2   5.6307
     84    45.257     2.000     3   5.6310
     85    49.084     1.000     4   5.6312
     86     2.116     1.000     4   5.6455 neglected
     87    10.997     1.000     2   5.6564
     88    10.992     1.000     2   5.6572
     89    44.478     2.000     3   5.6576
     90    48.078     1.000     4   5.6580
     91    41.056     2.000     3   5.6598
     92    40.585     1.000     4   5.6633
     93     9.255     2.000     3   5.6730
     94    14.999     2.000     4   5.6757
     95    10.711     1.000     2   5.7006
     96    36.912     2.000     3   5.7070
     97     9.023     2.000     3   5.7130
     98    15.024     2.000     4   5.7140
     99    33.314     1.000     4   5.7135
    100    10.497     1.000     2   5.7344
    101    41.910     2.000     3   5.7345
    102    44.721     1.000     4   5.7346
    103    10.456     1.000     2   5.7410
    104    41.389     2.000     3   5.7415
    105    43.776     1.000     4   5.7419
    106     8.571     2.000     3   5.7805
    107    14.423     2.000     4   5.7808
    108     8.493     2.000     3   5.7870
    109    14.056     2.000     4   5.7882
    110    10.066     1.000     2   5.8054
    111    35.283     2.000     3   5.8116
    112    32.162     1.000     4   5.8177
    113     9.903     1.000     2   5.8333
    114    31.945     2.000     3   5.8422
    115    26.626     1.000     4   5.8512
    116     9.742     1.000     2   5.8612
    117    38.579     2.000     3   5.8617
    118    40.711     1.000     4   5.8623
    119     7.821     2.000     3   5.8659
    120    11.838     2.000     4   5.8722
    121     6.627     1.000     2   6.3965
    122     6.564     1.000     2   6.4147
    123     6.372     1.000     2   6.4706
    124     6.312     1.000     2   6.4884
    125     6.252     1.000     2   6.5066
    126     6.232     1.000     2   6.5129
    127     6.213     1.000     2   6.5187
    128     6.165     1.000     2   6.5333
    129     6.122     1.000     2   6.5466
    130     6.074     1.000     2   6.5618
    131     6.013     1.000     2   6.5810
    132     5.893     1.000     2   6.6198
    133     5.844     1.000     2   6.6360
    134     5.830     1.000     2   6.6407
    135     5.766     1.000     2   6.6621
    136     5.727     1.000     2   6.6753
    137     5.726     1.000     2   6.6756
    138     5.703     1.000     2   6.6832
    139     5.641     1.000     2   6.7046
    140     5.598     1.000     2   6.7195
    141     5.527     1.000     2   6.7445
    142     5.508     1.000     2   6.7514
    143     5.187     1.000     2   6.8697
    144     5.121     1.000     2   6.8951
    145     4.335     1.000     2   7.2340
    146     4.250     1.000     2   7.2753
    147     4.132     1.000     2   7.3340
    148     4.051     1.000     2   7.3757
    149     4.041     1.000     2   7.3809
    150     3.942     1.000     2   7.4335
    151     3.936     1.000     2   7.4369
    152     3.897     1.000     2   7.4578
    153     3.868     1.000     2   7.4738
    154     3.865     1.000     2   7.4752
    155     3.857     1.000     2   7.4797
    156     3.840     1.000     2   7.4893
    157     3.815     1.000     2   7.5031
    158     3.812     1.000     2   7.5046
    159     3.810     1.000     2   7.5060
    160     3.802     1.000     2   7.5104
    161     3.768     1.000     2   7.5295
    162     3.760     1.000     2   7.5344
    163     3.274     2.000     3   7.5342
    164     3.757     1.000     2   7.5361
    165     3.737     1.000     2   7.5472
    166     7.465     2.000     2   7.5500
    167     3.723     1.000     2   7.5556
    168     3.696     1.000     2   7.5710
    169     3.678     1.000     2   7.5817
    170     3.652     1.000     2   7.5971
    171     3.642     1.000     2   7.6028
    172     3.634     1.000     2   7.6076
    173     3.624     1.000     2   7.6135
    174     3.622     1.000     2   7.6149
    175     3.601     1.000     2   7.6274
    176     7.155     2.000     2   7.6416
    177     3.565     1.000     2   7.6489
    178     3.561     1.000     2   7.6516
    179     3.559     1.000     2   7.6527
    180     3.555     1.000     2   7.6554
    181     3.549     1.000     2   7.6591
    182     3.532     1.000     2   7.6692
    183     3.522     1.000     2   7.6756
    184     3.520     1.000     2   7.6768
    185     3.509     1.000     2   7.6834
    186     3.485     1.000     2   7.6988
    187     3.442     1.000     2   7.7259
    188     3.433     1.000     2   7.7314
    189     3.425     1.000     2   7.7367
    190     3.346     1.000     2   7.7879
    191     3.324     1.000     2   7.8025
    192     3.320     1.000     2   7.8055
    193     3.296     1.000     2   7.8214
    194     3.285     1.000     2   7.8290
    195     3.277     1.000     2   7.8339
    196     3.226     1.000     2   7.8687
    197     3.222     1.000     2   7.8720
    198     3.215     1.000     2   7.8763
    199     3.179     1.000     2   7.9016
  193 paths kept,  199 examined.
 Done with module 5: F_eff.
Note: The following floating-point exceptions are signalling: IEEE_UNDERFLOW_FLAG IEEE_DENORMAL
