
======== running Feff module feff8l_genfmt ========
 Calculating EXAFS parameters...
    Curved wave chi amplitude ratio   4.00%
    Discard feff.dat for paths with cw ratio <   2.67%
    path  cw ratio     deg    nleg  reff
      1   100.000     3.000     2   1.9457
      2    83.100     3.000     2   2.1162
      3    14.618     1.000     2   2.9004
      4    41.435     3.000     2   2.9710
      5    30.780     3.000     2   3.3642
      6    18.163     2.000     2   3.3985
      7     9.082     1.000     2   3.3985
      8     7.359     6.000     3   3.4184
      9     7.687     6.000     3   3.4508
     10     7.883     6.000     3   3.4634
     11     6.659     6.000     3   3.4749
     12     4.896     6.000     3   3.5164
     13     4.818     6.000     3   3.5164
     14     3.755     6.000     3   3.5663
     15    23.641     3.000     2   3.5964
     16    12.665     6.000     3   3.6277
     17    48.664     6.000     2   3.7053
     18    20.755     3.000     2   3.7857
     19    10.437     6.000     3   3.8835
     20    10.729     6.000     3   3.8835
     21     5.479     3.000     4   3.8913
     22     2.176     3.000     4   3.8913 neglected
     23     6.770     1.000     2   3.9856
     24     3.840     4.000     3   4.0067
     25    26.010     6.000     3   4.0374
     26    18.089     6.000     4   4.0618
     27     3.057     3.000     4   4.0618
     28     2.941     3.000     4   4.0618
     29    16.525     3.000     2   4.1352
     30     9.700    12.000     3   4.2150
     31     3.955     3.000     4   4.2323
     32     5.029     6.000     3   4.2428
     33     5.065     6.000     3   4.3096
     34    14.086     3.000     2   4.3948
     35     7.403    12.000     3   4.4686
     36     3.153     6.000     3   4.4907
     37     5.093     6.000     3   4.4906
     38    18.115     6.000     3   4.5049
     39     6.170     6.000     3   4.5132
     40    12.850     3.000     2   4.5495
     41     5.139     6.000     3   4.5696
     42     7.547     3.000     4   4.6150
     43    12.289     3.000     2   4.6263
     44    18.770     6.000     3   4.6351
     45    23.551     6.000     2   4.7006
     46     8.251     3.000     4   4.7207
     47     2.866     6.000     3   4.7409
     48     4.200     6.000     3   4.7409
     49     4.441     6.000     4   4.7855
     50    10.935     6.000     3   4.8037
     51     6.848     6.000     3   4.8086
     52     8.861     6.000     3   4.8086
     53     2.323     6.000     4   4.9166 neglected
     54     1.905     3.000     4   4.9166 neglected
     55    16.771    12.000     3   4.9261
     56     2.644     6.000     3   4.9681 neglected
     57     3.783     6.000     3   4.9681
     58     6.136     6.000     4   4.9811
     59     3.868     3.000     4   4.9811
     60    10.040     3.000     2   4.9864
     61    21.103     6.000     3   4.9952
     62    11.172     3.000     4   5.0040
     63     3.361    12.000     3   5.0202
     64     3.340     6.000     4   5.0341
     65    22.192     6.000     2   5.0380
     66     5.274     6.000     4   5.1516
     67     5.104     4.000     3   5.1911
     68     6.370     6.000     3   5.1911
     69     5.312     6.000     3   5.1911
     70     8.343     3.000     2   5.3350
     71     2.066     3.000     4   5.3442 neglected
     72     5.390     6.000     3   5.4077
     73     8.174     6.000     3   5.4077
     74     3.823     6.000     3   5.4131
     75    18.087     6.000     2   5.4346
     76     2.270     6.000     3   5.4699 neglected
     77     2.428     6.000     4   5.4803 neglected
     78     4.736     6.000     3   5.4832
     79     2.960    12.000     3   5.4900
     80     7.564     3.000     2   5.5273
     81     5.888     6.000     3   5.5440
     82     6.318     6.000     3   5.5736
     83     5.813     6.000     3   5.5736
     84     4.746     6.000     3   5.5736
     85     5.270     6.000     3   5.5891
     86     8.229     6.000     3   5.5891
     87     4.126     6.000     3   5.6468
     88     7.114     3.000     2   5.6501
     89     2.622     6.000     4   5.6509 neglected
     90     6.900     3.000     2   5.7121
     91     2.270     6.000     4   5.7195 neglected
     92     5.592     6.000     3   5.7430
     93     3.138     6.000     3   5.7577
     94     2.451     6.000     3   5.7578 neglected
     95     4.717     6.000     3   5.7668
     96     7.814     6.000     3   5.7668
     97     4.260     6.000     4   5.7674
     98     2.677     6.000     3   5.8003
     99     3.183     6.000     4   5.8048
    100     2.643     6.000     3   5.8107 neglected
    101    15.022     6.000     2   5.8132
    102     2.421     6.000     4   5.8214 neglected
    103     3.834     6.000     3   5.8236
    104     2.682     6.000     5   5.8292
    105     7.385     3.000     2   5.8488
    106    10.707     6.000     3   5.8575
    107     9.414     6.000     3   5.8575
    108     2.616     6.000     3   5.8759 neglected
    109     2.725     6.000     3   5.8759
    110     6.323     3.000     2   5.8922
    111     4.224     3.000     4   5.9018
    112     3.583     3.000     4   5.9018
    113     3.231     6.000     3   5.9069
    114     5.275     6.000     3   5.9206
    115     3.940     6.000     4   5.9451
    116     7.024     3.000     2   5.9545
    117     3.082     6.000     4   5.9753
    118     3.290     6.000     5   5.9831
    119     2.689     6.000     5   5.9831
    120     3.226     6.000     3   6.0107
    121     2.788     6.000     3   6.0209
    122     6.692     3.000     2   6.0580
    123     2.729     6.000     3   6.0672
    124     5.794     3.000     2   6.0771
    125     2.229     6.000     3   6.0963 neglected
    126     4.859     6.000     3   6.0990
    127     4.310     6.000     3   6.1030
    128     3.401     6.000     3   6.1030
    129    11.285     6.000     2   6.1338
    130     2.579     6.000     3   6.1364 neglected
    131     4.371     6.000     3   6.1992
    132     3.384     6.000     3   6.1992
    133     2.291    12.000     3   6.2447 neglected
    134     5.357     3.000     2   6.2466
    135     2.555     6.000     3   6.2516 neglected
    136     3.632     6.000     3   6.2516
    137    12.230     6.000     2   6.2538
    138     4.853     6.000     3   6.2555
    139     2.653     6.000     3   6.2829 neglected
    140     5.252     3.000     2   6.2899
    141     3.715     6.000     3   6.2945
    142     8.150     6.000     3   6.2945
    143     7.996     6.000     3   6.2945
    144    10.149    12.000     3   6.2944
    145     2.105     6.000     4   6.3093 neglected
    146     2.998     6.000     3   6.3144
    147     2.629    12.000     3   6.3150 neglected
    148     2.689     6.000     4   6.3351
    149     3.065     3.000     4   6.3351
    150     3.008     3.000     4   6.3351
    151     6.090     6.000     3   6.3403
    152     1.671     6.000     4   6.3404 neglected
    153     4.104     6.000     3   6.3682
    154     2.454     6.000     3   6.3934 neglected
    155     3.682     6.000     3   6.3934
    156    11.328     6.000     2   6.4239
    157     2.885     6.000     3   6.4500
    158     2.805     6.000     3   6.4496
    159     2.460     6.000     3   6.4500 neglected
    160     3.123     6.000     4   6.4550
    161     8.716     6.000     3   6.4596
    162     7.352     6.000     3   6.4596
    163     4.857     3.000     2   6.4634
    164     7.698     6.000     3   6.4739
    165     2.485     6.000     3   6.4825 neglected
    166     3.610     3.000     4   6.4952
    167     5.497     6.000     4   6.4952
    168     2.958     3.000     4   6.4952
    169     2.297     6.000     3   6.4982 neglected
    170     3.948     6.000     3   6.5015
    171     3.888     6.000     4   6.5452
    172     3.165     6.000     5   6.5808
    173     2.745     6.000     5   6.5808
    174     3.597     6.000     3   6.5917
    175     4.903     6.000     3   6.5994
    176     2.206     6.000     3   6.6151 neglected
    177     5.166     6.000     3   6.6237
    178     3.070    12.000     3   6.6440
    179     4.788    12.000     3   6.6565
    180     5.114     6.000     3   6.6654
    181     4.308     3.000     2   6.7371
    182     2.326    12.000     3   6.7467 neglected
    183     2.460    12.000     3   6.7467 neglected
    184     2.461    12.000     3   6.7467 neglected
    185     4.014     6.000     4   6.7510
    186     4.214     3.000     2   6.7882
    187     7.284     6.000     3   6.8097
    188     3.268     3.000     4   6.8312
    189     4.122     3.000     2   6.8399
    190     4.193     6.000     3   6.8761
    191     4.053     3.000     2   6.8795
    192     4.410     6.000     4   6.8849
    193     3.088     2.000     2   6.8860
    194     3.564     2.000     3   6.8860
    195     3.469     2.000     3   6.8860
    196     6.063     6.000     3   6.8949
    197     2.710     6.000     3   6.9118
    198     5.595     6.000     3   6.9118
    199     3.800     6.000     3   6.9118
    200     3.011     6.000     4   6.9165
    201     4.562     3.000     2   6.9218
    202     3.950     3.000     2   6.9404
    203     3.266     6.000     3   6.9456
    204     5.908     6.000     3   6.9904
    205     2.761     6.000     3   7.0354
    206     7.582     6.000     2   7.0385
    207     4.549    12.000     3   7.0535
    208     2.733     6.000     3   7.0573
    209     3.713     3.000     2   7.0884
    210     5.037     6.000     3   7.1497
    211     3.775     6.000     3   7.1798
    212     3.464     6.000     3   7.1815
    213     3.343     6.000     3   7.2094
    214     3.497     3.000     2   7.2343
    215     2.864     6.000     3   7.2379
    216     3.485     3.000     2   7.2429
    217     2.978     6.000     4   7.2671
    218     4.893     6.000     3   7.2693
    219     2.866     6.000     3   7.2820
    220     4.769     6.000     3   7.2928
    221     2.819     6.000     3   7.3377
    222     3.289     3.000     2   7.3857
    223     4.433     6.000     3   7.4080
    224     7.457     6.000     2   7.4105
    225     2.251     6.000     3   7.4105 neglected
    226    15.566    12.000     3   7.4105
    227    10.286     6.000     4   7.4105
    228     2.816     6.000     3   7.4114
    229     3.241     3.000     2   7.4224
    230     2.709     6.000     3   7.4450
    231     3.169     3.000     2   7.4788
    232     4.278     6.000     3   7.4866
    233     3.041     6.000     3   7.4866
    234     3.399     6.000     3   7.5164
    235     3.028     6.000     4   7.5181
    236     2.862     6.000     3   7.5270
    237     2.184     6.000     3   7.5270 neglected
    238     3.656     6.000     3   7.5335
    239     2.780     6.000     3   7.5342
    240     3.066     3.000     2   7.5618
    241     6.109     6.000     2   7.5717
    242     3.766     6.000     3   7.5845
    243     4.090     6.000     3   7.6222
    244     6.521    12.000     3   7.6538
    245     6.597     6.000     2   7.7194
    246     2.846     3.000     2   7.7523
    247     4.612     6.000     3   7.7556
    248     3.534     6.000     3   7.7755
    249     3.197     3.000     2   7.7998
    250     2.742     3.000     2   7.8491
    251     2.388    12.000     3   7.8642 neglected
    252     2.408    12.000     3   7.8642 neglected
    253     2.086    12.000     3   7.8642 neglected
    254     3.344    12.000     3   7.8723
    255     6.200     6.000     2   7.8791
    256     2.828    12.000     4   7.8794
    257     2.654     6.000     3   7.9041 neglected
    258     2.662     3.000     2   7.9273 neglected
    259     3.364     6.000     3   7.9509
    260     2.622     6.000     3   7.9509 neglected
    261     2.725     6.000     3   7.9520
    262     2.585     6.000     3   7.9520 neglected
  224 paths kept,  262 examined.
 Done with module 5: F_eff.
Note: The following floating-point exceptions are signalling: IEEE_UNDERFLOW_FLAG IEEE_DENORMAL
