
======== running Feff module feff8l_pathfinder ========
 Preparing plane wave scattering amplitudes...
 Searching for paths...
   WARNING:  rmax > distance to most distant atom.
             Some paths may be missing.
             rmax, ratx   8.00000E+00  0.00000E+00
    Rmax  8.0000  keep and heap limits   0.0000000   0.0000000
    Preparing neighbor table
    nfound  heapsize  maxheap  maxscatt   reff
      1000     1999     1999      5      5.0456
      2000     3778     3778      5      5.4091
      3000     5315     5315      5      5.5656
      4000     6747     6747      5      5.6825
      5000     8567     8567      5      5.8292
      6000    10263    10263      5      5.9524
      7000    11545    11545      5      6.0075
      8000    12884    12884      5      6.0809
      9000    13884    13884      5      6.1357
     10000    14884    14884      5      6.1607
     11000    15452    15452      5      6.1888
     12000    16452    16452      5      6.2499
     13000    17452    17452      5      6.2914
     14000    18452    18452      5      6.3063
     15000    19452    19452      5      6.3311
     16000    20344    20344      5      6.3590
     17000    21344    21344      5      6.3786
     18000    22344    22344      5      6.4143
     19000    23344    23344      5      6.4352
     20000    24344    24344      5      6.4591
     21000    25344    25344      5      6.4840
     22000    26344    26344      5      6.4989
     23000    27344    27344      5      6.5218
     24000    28192    28192      5      6.5556
     25000    28769    28769      5      6.5674
     26000    29378    29378      5      6.5824
     27000    30204    30204      5      6.6068
     28000    30994    30994      5      6.6294
     29000    31772    31772      5      6.6562
     30000    32440    32440      5      6.6744
     31000    33238    33238      5      6.6866
     32000    33752    33752      5      6.7049
     33000    34272    34272      5      6.7190
     34000    34561    34564      5      6.7311
     35000    34667    34667      5      6.7340
     36000    35202    35203      5      6.7450
     37000    35515    35516      5      6.7513
     38000    35875    35877      5      6.7600
     39000    36408    36409      5      6.7764
     40000    36826    36826      5      6.7960
     41000    37110    37111      5      6.8024
     42000    37582    37582      5      6.8130
     43000    37945    37947      5      6.8208
     44000    38467    38469      5      6.8345
     45000    38830    38831      5      6.8422
     46000    39014    39016      5      6.8493
     47000    39655    39655      5      6.8578
     48000    40147    40147      5      6.8679
     49000    40402    40403      5      6.8707
     50000    40799    40799      5      6.8758
     51000    41170    41170      5      6.8819
     52000    41509    41509      5      6.8933
     53000    41749    41749      5      6.9003
     54000    41875    41875      5      6.9044
     55000    42283    42283      5      6.9123
     56000    42435    42435      5      6.9149
     57000    42698    42699      5      6.9186
     58000    43223    43226      5      6.9243
     59000    43525    43525      5      6.9257
     60000    43805    43806      5      6.9308
     61000    44035    44035      5      6.9383
     62000    44076    44077      5      6.9409
     63000    44278    44278      5      6.9497
     64000    44668    44670      5      6.9622
     65000    45289    45290      5      6.9672
     66000    45496    45496      5      6.9738
     67000    45832    45833      5      6.9798
     68000    46108    46108      5      6.9848
     69000    46333    46333      5      6.9912
     70000    46597    46597      5      6.9982
     71000    47038    47040      5      7.0127
     72000    47223    47224      5      7.0158
     73000    47754    47754      5      7.0256
     74000    48192    48192      5      7.0324
     75000    48224    48226      5      7.0329
     76000    48605    48607      5      7.0422
     77000    48952    48953      5      7.0462
     78000    49308    49308      5      7.0535
     79000    49846    49850      5      7.0598
     80000    50339    50340      5      7.0676
     81000    50923    50927      5      7.0767
     82000    51162    51163      5      7.0816
     83000    51461    51461      5      7.0842
     84000    51773    51775      5      7.0928
     85000    52222    52222      5      7.0973
     86000    52476    52479      5      7.1004
     87000    52571    52612      5      7.1023
     88000    52705    52706      5      7.1050
     89000    52872    52894      5      7.1087
     90000    53317    53317      5      7.1158
     91000    53812    53816      5      7.1237
     92000    54412    54413      5      7.1315
     93000    54865    54893      5      7.1368
     94000    55447    55447      5      7.1435
     95000    55493    55493      5      7.1444
     96000    55672    55690      5      7.1503
     97000    56215    56220      5      7.1613
     98000    56494    56494      5      7.1639
     99000    56906    56906      5      7.1687
    100000    57500    57500      5      7.1753
    101000    58081    58082      5      7.1826
    102000    58539    58539      5      7.1889
    103000    58935    58935      5      7.1967
    104000    59295    59296      5      7.2065
    105000    59876    59876      5      7.2104
    106000    60526    60531      5      7.2164
    107000    61028    61028      5      7.2217
    108000    61546    61547      5      7.2242
    109000    61837    61837      5      7.2295
    110000    62143    62145      5      7.2320
    111000    62622    62626      5      7.2372
    112000    63238    63238      5      7.2437
    113000    63786    63790      5      7.2491
    114000    64258    64258      5      7.2555
    115000    64706    64718      5      7.2616
    116000    64921    64926      5      7.2643
    117000    65287    65289      5      7.2721
    118000    65250    65388      5      7.2731
    119000    65531    65531      5      7.2775
    120000    65695    65816      5      7.2796
    121000    66249    66249      5      7.2833
    122000    66540    66540      5      7.2878
    123000    66737    66744      5      7.2919
    124000    67201    67202      5      7.2958
    125000    67652    67675      5      7.2997
    126000    67507    67675      5      7.3020
    127000    67580    67675      5      7.3033
    128000    68084    68085      5      7.3072
    129000    68511    68511      5      7.3099
    130000    68473    68642      5      7.3151
    131000    68660    68660      5      7.3188
    132000    69156    69159      5      7.3225
    133000    69767    69768      5      7.3273
    134000    70250    70250      5      7.3317
    135000    70669    70697      5      7.3343
    136000    70667    70697      5      7.3378
    137000    71156    71157      5      7.3449
    138000    71266    71369      5      7.3470
    139000    71282    71369      5      7.3478
    140000    71386    71390      5      7.3501
    141000    71829    71829      5      7.3565
    142000    71754    71887      5      7.3584
    143000    71686    71887      5      7.3600
    144000    72139    72139      5      7.3656
    145000    72694    72694      5      7.3709
    146000    73292    73292      5      7.3755
    147000    73838    73840      5      7.3803
    148000    74315    74315      5      7.3888
    149000    74865    74866      5      7.3916
    150000    74851    75059      5      7.3947
    151000    75003    75075      5      7.3999
    152000    74733    75075      5      7.3999
    153000    74410    75075      5      7.3999
    154000    74555    75075      5      7.4025
    155000    74587    75075      5      7.4089
    156000    75080    75081      5      7.4130
    157000    75457    75463      5      7.4151
    158000    75824    75825      5      7.4178
    159000    76209    76209      5      7.4234
    160000    76247    76268      5      7.4260
    161000    76190    76268      5      7.4288
    162000    76432    76432      5      7.4331
    163000    76825    76838      5      7.4359
    164000    76963    76971      5      7.4392
    165000    77457    77458      5      7.4432
    166000    77758    77758      5      7.4491
    167000    77718    77787      5      7.4499
    168000    77752    77787      5      7.4548
    169000    77968    77988      5      7.4558
    170000    77939    77988      5      7.4575
    171000    77921    77990      5      7.4603
    172000    77739    77990      5      7.4604
    173000    78088    78094      5      7.4642
    174000    78340    78356      5      7.4675
    175000    78334    78426      5      7.4702
    176000    78021    78426      5      7.4712
    177000    78101    78426      5      7.4740
    178000    77872    78426      5      7.4742
    179000    78114    78426      5      7.4777
    180000    78296    78426      5      7.4807
    181000    78418    78470      5      7.4816
    182000    78499    78500      5      7.4847
    183000    78802    78838      5      7.4873
    184000    78944    79001      5      7.4877
    185000    78814    79001      5      7.4882
    186000    78932    79001      5      7.4908
    187000    79156    79159      5      7.4958
    188000    79363    79414      5      7.4990
    189000    79412    79517      5      7.5008
    190000    79690    79692      5      7.5041
    191000    79793    79800      5      7.5060
    192000    80076    80087      5      7.5093
    193000    80027    80243      5      7.5113
    194000    79707    80243      5      7.5115
    195000    79798    80243      5      7.5123
    196000    79858    80243      5      7.5174
    197000    79704    80243      5      7.5180
    198000    79839    80243      5      7.5201
    199000    80036    80243      5      7.5227
    200000    80042    80243      5      7.5231
    201000    80202    80243      5      7.5244
    202000    80410    80463      5      7.5279
    203000    80405    80463      5      7.5289
    204000    80544    80544      5      7.5306
    205000    80814    80814      5      7.5342
    206000    80990    80998      5      7.5380
    207000    81446    81482      5      7.5401
    208000    81682    81682      5      7.5439
    209000    81780    81797      5      7.5472
    210000    81964    81966      5      7.5509
    211000    82210    82227      5      7.5531
    212000    82376    82424      5      7.5538
    213000    82411    82424      5      7.5553
    214000    82683    82683      5      7.5624
    215000    82905    82907      5      7.5654
    216000    82929    83000      5      7.5687
    217000    82817    83000      5      7.5699
    218000    82771    83000      5      7.5713
    219000    82882    83000      5      7.5738
    220000    83190    83191      5      7.5762
    221000    83442    83442      5      7.5801
    222000    83630    83703      5      7.5824
    223000    83741    83742      5      7.5855
    224000    83882    83883      5      7.5883
    225000    83956    83956      5      7.5888
    226000    84045    84097      5      7.5893
    227000    84191    84196      5      7.5937
    228000    84473    84478      5      7.5953
    229000    84686    84689      5      7.5965
    230000    84553    84689      5      7.5971
    231000    84635    84689      5      7.5982
    232000    84834    84876      5      7.5998
    233000    84794    84876      5      7.6031
    234000    84840    84876      5      7.6055
    235000    85116    85119      5      7.6083
    236000    84992    85119      5      7.6086
    237000    84986    85119      5      7.6095
    238000    85225    85228      5      7.6113
    239000    85245    85281      5      7.6142
    240000    85295    85405      5      7.6170
    241000    85590    85619      5      7.6197
    242000    85460    85619      5      7.6201
    243000    85538    85619      5      7.6233
    244000    85671    85691      5      7.6263
    245000    85934    85935      5      7.6295
    246000    85853    85935      5      7.6308
    247000    85929    85961      5      7.6334
    248000    85757    85961      5      7.6334
    249000    85688    85961      5      7.6349
    250000    85876    85961      5      7.6374
    251000    85865    85961      5      7.6390
    252000    86034    86038      5      7.6406
    253000    85934    86042      5      7.6406
    254000    85901    86042      5      7.6414
    255000    85982    86042      5      7.6437
    256000    85942    86082      5      7.6445
    257000    85903    86082      5      7.6461
    258000    86134    86134      5      7.6496
    259000    86310    86310      5      7.6507
    260000    86430    86477      5      7.6515
    261000    86475    86501      5      7.6521
    262000    86352    86501      5      7.6532
    263000    86317    86501      5      7.6543
    264000    86458    86501      5      7.6578
    265000    86208    86501      5      7.6582
    266000    86156    86501      5      7.6599
    267000    86183    86501      5      7.6612
    268000    86147    86501      5      7.6619
    269000    86290    86501      5      7.6646
    270000    86178    86501      5      7.6647
    271000    86077    86501      5      7.6649
    272000    85970    86501      5      7.6654
    273000    85859    86501      5      7.6658
    274000    85950    86501      5      7.6692
    275000    86055    86501      5      7.6713
    276000    85976    86501      5      7.6733
    277000    86117    86501      5      7.6749
    278000    86148    86501      5      7.6761
    279000    85948    86501      5      7.6768
    280000    85829    86501      5      7.6784
    281000    85659    86501      5      7.6784
    282000    85682    86501      5      7.6814
    283000    85415    86501      5      7.6818
    284000    85307    86501      5      7.6825
    285000    85305    86501      5      7.6840
    286000    85460    86501      5      7.6870
    287000    85531    86501      5      7.6893
    288000    85441    86501      5      7.6898
    289000    85240    86501      5      7.6905
    290000    85508    86501      5      7.6935
    291000    85502    86501      5      7.6939
    292000    85791    86501      5      7.6954
    293000    85862    86501      5      7.6984
    294000    85888    86501      5      7.7012
    295000    85898    86501      5      7.7034
    296000    85931    86501      5      7.7050
    297000    85955    86501      5      7.7062
    298000    85826    86501      5      7.7062
    299000    85859    86501      5      7.7068
    300000    85820    86501      5      7.7081
    301000    86015    86501      5      7.7090
    302000    86107    86501      5      7.7112
    303000    86324    86501      5      7.7125
    304000    86274    86501      5      7.7149
    305000    86481    86520      5      7.7166
    306000    86622    86645      5      7.7177
    307000    86414    86645      5      7.7177
    308000    86406    86645      5      7.7183
    309000    86314    86645      5      7.7207
    310000    86216    86645      5      7.7226
    311000    86115    86645      5      7.7252
    312000    86309    86645      5      7.7280
    313000    86132    86645      5      7.7284
    314000    86195    86645      5      7.7314
    315000    85969    86645      5      7.7314
    316000    85879    86645      5      7.7329
    317000    86076    86645      5      7.7367
    318000    86278    86645      5      7.7375
    319000    86243    86645      5      7.7391
    320000    85948    86645      5      7.7396
    321000    86204    86645      5      7.7427
    322000    86286    86645      5      7.7451
    323000    86412    86645      5      7.7473
    324000    86390    86645      5      7.7490
    325000    86265    86645      5      7.7503
    326000    86314    86645      5      7.7527
    327000    85935    86645      5      7.7528
    328000    85705    86645      5      7.7540
    329000    85754    86645      5      7.7559
    330000    85526    86645      5      7.7564
    331000    85616    86645      5      7.7588
    332000    85559    86645      5      7.7592
    333000    85310    86645      5      7.7593
    334000    85348    86645      5      7.7595
    335000    85143    86645      5      7.7604
    336000    85123    86645      5      7.7625
    337000    84997    86645      5      7.7632
    338000    85138    86645      5      7.7669
    339000    84794    86645      5      7.7671
    340000    84374    86645      5      7.7671
    341000    84045    86645      5      7.7677
    342000    83954    86645      5      7.7696
    343000    83683    86645      5      7.7699
    344000    83756    86645      5      7.7726
    345000    83318    86645      5      7.7729
    346000    83091    86645      5      7.7730
    347000    83084    86645      5      7.7746
    348000    83066    86645      5      7.7768
    349000    83045    86645      5      7.7787
    350000    82966    86645      5      7.7802
    351000    82995    86645      5      7.7813
    352000    82829    86645      5      7.7831
    353000    82561    86645      5      7.7845
    354000    82344    86645      5      7.7863
    355000    82066    86645      5      7.7875
    356000    81816    86645      5      7.7886
    357000    81861    86645      5      7.7919
    358000    81559    86645      5      7.7933
    359000    81353    86645      5      7.7942
    360000    81349    86645      5      7.7970
    361000    81315    86645      5      7.7992
    362000    81254    86645      5      7.8014
    363000    81179    86645      5      7.8019
    364000    81245    86645      5      7.8028
    365000    81121    86645      5      7.8039
    366000    80868    86645      5      7.8050
    367000    80848    86645      5      7.8054
    368000    80917    86645      5      7.8076
    369000    80772    86645      5      7.8092
    370000    80659    86645      5      7.8111
    371000    80536    86645      5      7.8129
    372000    80476    86645      5      7.8145
    373000    80329    86645      5      7.8153
    374000    80218    86645      5      7.8176
    375000    79879    86645      5      7.8176
    376000    79647    86645      5      7.8187
    377000    79295    86645      5      7.8205
    378000    79107    86645      5      7.8220
    379000    78688    86645      5      7.8229
    380000    78448    86645      5      7.8237
    381000    78120    86645      5      7.8241
    382000    77900    86645      5      7.8243
    383000    77791    86645      5      7.8259
    384000    77557    86645      5      7.8260
    385000    77293    86645      5      7.8263
    386000    77094    86645      5      7.8287
    387000    76744    86645      5      7.8287
    388000    76449    86645      5      7.8290
    389000    75997    86645      5      7.8290
    390000    75709    86645      5      7.8307
    391000    75639    86645      5      7.8330
    392000    75442    86645      5      7.8352
    393000    75035    86645      5      7.8356
    394000    74712    86645      5      7.8374
    395000    74492    86645      5      7.8392
    396000    74305    86645      5      7.8405
    397000    74042    86645      5      7.8424
    398000    73677    86645      5      7.8427
    399000    73344    86645      5      7.8430
    400000    73141    86645      5      7.8450
    401000    72905    86645      5      7.8458
    402000    72701    86645      5      7.8475
    403000    72272    86645      5      7.8478
    404000    71958    86645      5      7.8489
    405000    71493    86645      5      7.8489
    406000    71185    86645      5      7.8496
    407000    70898    86645      5      7.8501
    408000    70713    86645      5      7.8515
    409000    70426    86645      5      7.8541
    410000    70105    86645      5      7.8557
    411000    69838    86645      5      7.8579
    412000    69535    86645      5      7.8591
    413000    69224    86645      5      7.8603
    414000    69070    86645      5      7.8632
    415000    68658    86645      5      7.8645
    416000    68262    86645      5      7.8656
    417000    67992    86645      5      7.8664
    418000    67736    86645      5      7.8675
    419000    67360    86645      5      7.8675
    420000    67144    86645      5      7.8690
    421000    66987    86645      5      7.8705
    422000    66510    86645      5      7.8706
    423000    66002    86645      5      7.8706
    424000    65702    86645      5      7.8722
    425000    65566    86645      5      7.8730
    426000    65344    86645      5      7.8739
    427000    65103    86645      5      7.8746
    428000    64730    86645      5      7.8760
    429000    64395    86645      5      7.8770
    430000    64133    86645      5      7.8786
    431000    63897    86645      5      7.8805
    432000    63697    86645      5      7.8820
    433000    63402    86645      5      7.8831
    434000    62966    86645      5      7.8842
    435000    62669    86645      5      7.8859
    436000    62360    86645      5      7.8871
    437000    62053    86645      5      7.8875
    438000    61711    86645      5      7.8892
    439000    61229    86645      5      7.8903
    440000    60589    86645      5      7.8903
    441000    59995    86645      5      7.8904
    442000    59687    86645      5      7.8914
    443000    59319    86645      5      7.8919
    444000    58948    86645      5      7.8930
    445000    58604    86645      5      7.8941
    446000    58226    86645      5      7.8960
    447000    57710    86645      5      7.8971
    448000    57374    86645      5      7.8985
    449000    56949    86645      5      7.9014
    450000    56516    86645      5      7.9025
    451000    56142    86645      5      7.9038
    452000    55574    86645      5      7.9054
    453000    55198    86645      5      7.9071
    454000    54718    86645      5      7.9085
    455000    54394    86645      5      7.9097
    456000    53995    86645      5      7.9110
    457000    53567    86645      5      7.9125
    458000    53063    86645      5      7.9133
    459000    52539    86645      5      7.9143
    460000    52112    86645      5      7.9155
    461000    51660    86645      5      7.9155
    462000    51238    86645      5      7.9156
    463000    50864    86645      5      7.9165
    464000    50307    86645      5      7.9175
    465000    49894    86645      5      7.9190
    466000    49583    86645      5      7.9194
    467000    49100    86645      5      7.9204
    468000    48473    86645      5      7.9206
    469000    47703    86645      5      7.9210
    470000    46992    86645      5      7.9212
    471000    46509    86645      5      7.9220
    472000    46079    86645      5      7.9233
    473000    45532    86645      5      7.9245
    474000    45144    86645      5      7.9262
    475000    44764    86645      5      7.9281
    476000    44325    86645      5      7.9293
    477000    43992    86645      5      7.9317
    478000    43574    86645      5      7.9320
    479000    43144    86645      5      7.9321
    480000    42648    86645      5      7.9336
    481000    42078    86645      5      7.9342
    482000    41501    86645      5      7.9355
    483000    41041    86645      5      7.9370
    484000    40371    86645      5      7.9371
    485000    39843    86645      5      7.9375
    486000    39233    86645      5      7.9376
    487000    38796    86645      5      7.9395
    488000    38401    86645      5      7.9398
    489000    37933    86645      5      7.9411
    490000    37538    86645      5      7.9425
    491000    37002    86645      5      7.9434
    492000    36600    86645      5      7.9435
    493000    36154    86645      5      7.9435
    494000    35596    86645      5      7.9463
    495000    35080    86645      5      7.9475
    496000    34618    86645      5      7.9481
    497000    34146    86645      5      7.9485
    498000    33723    86645      5      7.9505
    499000    33256    86645      5      7.9506
    500000    32718    86645      5      7.9522
    501000    32100    86645      5      7.9539
    502000    31759    86645      5      7.9550
    503000    31182    86645      5      7.9559
    504000    30489    86645      5      7.9559
    505000    29958    86645      5      7.9568
    506000    29244    86645      5      7.9571
    507000    28746    86645      5      7.9585
    508000    28117    86645      5      7.9585
    509000    27442    86645      5      7.9592
    510000    26851    86645      5      7.9610
    511000    26346    86645      5      7.9635
    512000    25702    86645      5      7.9640
    513000    25179    86645      5      7.9644
    514000    24589    86645      5      7.9655
    515000    24037    86645      5      7.9663
    516000    23496    86645      5      7.9680
    517000    22896    86645      5      7.9687
    518000    22465    86645      5      7.9712
    519000    21784    86645      5      7.9721
    520000    21128    86645      5      7.9733
    521000    20515    86645      5      7.9741
    522000    19924    86645      5      7.9755
    523000    19295    86645      5      7.9766
    524000    18558    86645      5      7.9773
    525000    17931    86645      5      7.9788
    526000    17194    86645      5      7.9790
    527000    16453    86645      5      7.9797
    528000    15596    86645      5      7.9809
    529000    15008    86645      5      7.9811
    530000    14433    86645      5      7.9811
    531000    13636    86645      5      7.9821
    532000    12804    86645      5      7.9833
    533000    12085    86645      5      7.9850
    534000    11386    86645      5      7.9850
    535000    10658    86645      5      7.9859
    536000     9910    86645      5      7.9875
    537000     9166    86645      5      7.9880
    538000     8398    86645      5      7.9881
    539000     7555    86645      5      7.9881
    540000     6742    86645      5      7.9888
    541000     6039    86645      5      7.9892
    542000     5209    86645      5      7.9905
    543000     4509    86645      5      7.9911
    544000     3867    86645      5      7.9928
    545000     3101    86645      5      7.9958
    546000     2306    86645      5      7.9966
    547000     1435    86645      5      7.9981
    548000      627    86645      5      7.9992
    Paths found   548824   (maxheap, maxscatt   86645   5)
 Eliminating path degeneracies...
    Plane wave chi amplitude filter   2.50%
    Unique paths    262,  total paths    1489
 Done with module 4: pathfinder.
